# file opened: C:\assembly\Rutina bienvenida 4 en raya\Rutina bienvenida 4 en raya\pintaficha1.asm
  1   0000              FICHA:; coje hl para pintar cuadrado y ix para la bola
  2   0000 E5                   push hl
  3   0001 D5                   push de
  4   0002 C5                   push bc
  5   0003 DD E5                push ix
  6   0005 F5                   PUSH AF
  7   0006 CD 73 02             CALL PintaCuadrao
  8   0009 DD E5 E1             ld hl, ix
  9   000C
 10   000C                      ;Detectar si estamos en la fila problemática (segunda fila)
 11   000C 7C                   LD A, H
 12   000D FE 40                CP $40
 13   000F 20 0C                JR NZ, FICHA_NORMAL
 14   0011 7D                   LD A, L
 15   0012 FE E1                CP $E1
 16   0014 38 07                JR C, FICHA_NORMAL    ; Si es menor que $E1, usar normal
 17   0016 FE FA                CP $FA
 18   0018 30 03                JR NC, FICHA_NORMAL   ; Si es mayor o igual que $FA, usar normal
 19   001A C3 46 01             JP FICHA_ENTERCIO     ; Si está entre $E1 y $F9, usar específica
 20   001D
 21   001D              FICHA_NORMAL:
 22   001D                      ;arriba izquierda
 23   001D 3E 00                LD A,%00000000
 24   001F 77                   LD(HL),A
 25   0020 3E 01                LD A,%00000001
 26   0022 11 00 01             LD DE, $100
 27   0025 19                   ADD HL,DE
 28   0026 77                   LD(HL),A
 29   0027 3E 03                LD A,%00000011
 30   0029 11 00 01             LD DE, $100
 31   002C 19                   ADD HL,DE
 32   002D 77                   LD(HL),A
 33   002E 3E 07                LD A,%00000111
 34   0030 11 00 01             LD DE, $100
 35   0033 19                   ADD HL,DE
 36   0034 77                   LD(HL),A
 37   0035 11 00 01             LD DE, $100
 38   0038 19                   ADD HL,DE
 39   0039 77                   LD(HL),A
 40   003A 3E 0F                LD A,%00001111
 41   003C 11 00 01             LD DE, $100
 42   003F 19                   ADD HL,DE
 43   0040 77                   LD(HL),A
 44   0041 11 00 01             LD DE, $100
 45   0044 19                   ADD HL,DE
 46   0045 77                   LD(HL),A
 47   0046 11 00 01             LD DE, $100
 48   0049 19                   ADD HL,DE
 49   004A 77                   LD(HL),A
 50   004B
 51   004B                      ;arriba centro
 52   004B DD 23                INC IX
 53   004D DD E5 E1             LD HL, IX
 54   0050
 55   0050 3E 7E                LD A,%01111110
 56   0052 77                   LD(HL),A
 57   0053 3E FF                LD A,%11111111
 58   0055 11 00 01             LD DE, $100
 59   0058 19                   ADD HL,DE
 60   0059 77                   LD(HL),A
 61   005A 3E FF                LD A,%11111111
 62   005C 11 00 01             LD DE, $100
 63   005F 19                   ADD HL,DE
 64   0060 77                   LD(HL),A
 65   0061 11 00 01             LD DE, $100
 66   0064 19                   ADD HL,DE
 67   0065 77                   LD(HL),A
 68   0066 11 00 01             LD DE, $100
 69   0069 19                   ADD HL,DE
 70   006A 77                   LD(HL),A
 71   006B 11 00 01             LD DE, $100
 72   006E 19                   ADD HL,DE
 73   006F 77                   LD(HL),A
 74   0070 11 00 01             LD DE, $100
 75   0073 19                   ADD HL,DE
 76   0074 77                   LD(HL),A
 77   0075 11 00 01             LD DE, $100
 78   0078 19                   ADD HL,DE
 79   0079 77                   LD(HL),A
 80   007A
 81   007A                      ;arriba derecha
 82   007A
 83   007A DD 23                INC IX
 84   007C DD E5 E1             LD HL, IX
 85   007F 3E 00                LD A,%00000000
 86   0081 77                   LD(HL),A
 87   0082 3E 80                LD A,%10000000
 88   0084 11 00 01             LD DE, $100
 89   0087 19                   ADD HL,DE
 90   0088 77                   LD(HL),A
 91   0089 3E C0                LD A,%11000000
 92   008B 11 00 01             LD DE, $100
 93   008E 19                   ADD HL,DE
 94   008F 77                   LD(HL),A
 95   0090 3E E0                LD A,%11100000
 96   0092 11 00 01             LD DE, $100
 97   0095 19                   ADD HL,DE
 98   0096 77                   LD(HL),A
 99   0097 11 00 01             LD DE, $100
100   009A 19                   ADD HL,DE
101   009B 77                   LD(HL),A
102   009C 3E F0                LD A,%11110000
103   009E 11 00 01             LD DE, $100
104   00A1 19                   ADD HL,DE
105   00A2 77                   LD(HL),A
106   00A3 11 00 01             LD DE, $100
107   00A6 19                   ADD HL,DE
108   00A7 77                   LD(HL),A
109   00A8 11 00 01             LD DE, $100
110   00AB 19                   ADD HL,DE
111   00AC 77                   LD(HL),A
112   00AD
113   00AD
114   00AD                      ;ld de,32
115   00AD                      ;add hl, de
116   00AD
117   00AD                      ;abajo derecha
118   00AD
119   00AD 01 20 00             ld bc,$20
120   00B0 DD 09                ADD IX, BC
121   00B2 DD E5 E1             LD HL,IX
122   00B5 3E F0                LD A,%11110000
123   00B7 77                   LD(HL),A
124   00B8 11 00 01             LD DE, $100
125   00BB 19                   ADD HL,DE
126   00BC 77                   LD(HL),A
127   00BD 11 00 01             LD DE, $100
128   00C0 19                   ADD HL,DE
129   00C1 77                   LD(HL),A
130   00C2 3E E0                LD A,%11100000
131   00C4 11 00 01             LD DE, $100
132   00C7 19                   ADD HL,DE
133   00C8 77                   LD(HL),A
134   00C9 11 00 01             LD DE, $100
135   00CC 19                   ADD HL,DE
136   00CD 77                   LD(HL),A
137   00CE 3E C0                LD A,%11000000
138   00D0 11 00 01             LD DE, $100
139   00D3 19                   ADD HL,DE
140   00D4 77                   LD(HL),A
141   00D5 3E 80                LD A,%10000000
142   00D7 11 00 01             LD DE, $100
143   00DA 19                   ADD HL,DE
144   00DB 77                   LD(HL),A
145   00DC 3E 00                LD A,%00000000
146   00DE 11 00 01             LD DE, $100
147   00E1 19                   ADD HL,DE
148   00E2 77                   LD(HL),A
149   00E3
150   00E3                      ;abajo centro
151   00E3
152   00E3 DD 2B                DEC IX
153   00E5 DD E5 E1             LD HL,IX
154   00E8 3E FF                LD A,%11111111
155   00EA 77                   LD(HL),A
156   00EB 11 00 01             LD DE, $100
157   00EE 19                   ADD HL,DE
158   00EF 77                   LD(HL),A
159   00F0 11 00 01             LD DE, $100
160   00F3 19                   ADD HL,DE
161   00F4 77                   LD(HL),A
162   00F5 11 00 01             LD DE, $100
163   00F8 19                   ADD HL,DE
164   00F9 77                   LD(HL),A
165   00FA 11 00 01             LD DE, $100
166   00FD 19                   ADD HL,DE
167   00FE 77                   LD(HL),A
168   00FF 11 00 01             LD DE, $100
169   0102 19                   ADD HL,DE
170   0103 77                   LD(HL),A
171   0104 11 00 01             LD DE, $100
172   0107 19                   ADD HL,DE
173   0108 77                   LD(HL),A
174   0109 11 00 01             LD DE, $100
175   010C 19                   ADD HL,DE
176   010D 3E 7E                LD A,%01111110
177   010F 77                   LD(HL),A
178   0110
179   0110                      ;abajo izquierda
180   0110 DD 2B                DEC IX
181   0112 DD E5 E1             LD HL,IX
182   0115 3E 0F                LD A,%00001111
183   0117 77                   LD(HL),A
184   0118 11 00 01             LD DE, $100
185   011B 19                   ADD HL,DE
186   011C 77                   LD(HL),A
187   011D 11 00 01             LD DE, $100
188   0120 19                   ADD HL,DE
189   0121 77                   LD(HL),A
190   0122 3E 07                LD A,%00000111
191   0124 11 00 01             LD DE, $100
192   0127 19                   ADD HL,DE
193   0128 77                   LD(HL),A
194   0129 11 00 01             LD DE, $100
195   012C 19                   ADD HL,DE
196   012D 77                   LD(HL),A
197   012E 3E 03                LD A,%00000011
198   0130 11 00 01             LD DE, $100
199   0133 19                   ADD HL,DE
200   0134 77                   LD(HL),A
201   0135 3E 01                LD A,%00000001
202   0137 11 00 01             LD DE, $100
203   013A 19                   ADD HL,DE
204   013B 77                   LD(HL),A
205   013C 3E 00                LD A,%00000000
206   013E 11 00 01             LD DE, $100
207   0141 19                   ADD HL,DE
208   0142 77                   LD(HL),A
209   0143 C3 6C 02             jp Fin_Ficha
210   0146
211   0146              FICHA_ENTERCIO:
212   0146                      ;arriba izquierda
213   0146 3E 00                LD A,%00000000
214   0148 77                   LD(HL),A
215   0149 3E 01                LD A,%00000001
216   014B 11 00 01             LD DE, $100
217   014E 19                   ADD HL,DE
218   014F 77                   LD(HL),A
219   0150 3E 03                LD A,%00000011
220   0152 11 00 01             LD DE, $100
221   0155 19                   ADD HL,DE
222   0156 77                   LD(HL),A
223   0157 3E 07                LD A,%00000111
224   0159 11 00 01             LD DE, $100
225   015C 19                   ADD HL,DE
226   015D 77                   LD(HL),A
227   015E 11 00 01             LD DE, $100
228   0161 19                   ADD HL,DE
229   0162 77                   LD(HL),A
230   0163 3E 0F                LD A,%00001111
231   0165 11 00 01             LD DE, $100
232   0168 19                   ADD HL,DE
233   0169 77                   LD(HL),A
234   016A 11 00 01             LD DE, $100
235   016D 19                   ADD HL,DE
236   016E 77                   LD(HL),A
237   016F 11 00 01             LD DE, $100
238   0172 19                   ADD HL,DE
239   0173 77                   LD(HL),A
240   0174
241   0174                      ;arriba centro
242   0174 DD 23                INC IX
243   0176 DD E5 E1             LD HL, IX
244   0179
245   0179 3E 7E                LD A,%01111110
246   017B 77                   LD(HL),A
247   017C 3E FF                LD A,%11111111
248   017E 11 00 01             LD DE, $100
249   0181 19                   ADD HL,DE
250   0182 77                   LD(HL),A
251   0183 3E FF                LD A,%11111111
252   0185 11 00 01             LD DE, $100
253   0188 19                   ADD HL,DE
254   0189 77                   LD(HL),A
255   018A 11 00 01             LD DE, $100
256   018D 19                   ADD HL,DE
257   018E 77                   LD(HL),A
258   018F 11 00 01             LD DE, $100
259   0192 19                   ADD HL,DE
260   0193 77                   LD(HL),A
261   0194 11 00 01             LD DE, $100
262   0197 19                   ADD HL,DE
263   0198 77                   LD(HL),A
264   0199 11 00 01             LD DE, $100
265   019C 19                   ADD HL,DE
266   019D 77                   LD(HL),A
267   019E 11 00 01             LD DE, $100
268   01A1 19                   ADD HL,DE
269   01A2 77                   LD(HL),A
270   01A3
271   01A3                      ;arriba derecha
272   01A3
273   01A3 DD 23                INC IX
274   01A5 DD E5 E1             LD HL, IX
275   01A8 3E 00                LD A,%00000000
276   01AA 77                   LD(HL),A
277   01AB 3E 80                LD A,%10000000
278   01AD 11 00 01             LD DE, $100
279   01B0 19                   ADD HL,DE
280   01B1 77                   LD(HL),A
281   01B2 3E C0                LD A,%11000000
282   01B4 11 00 01             LD DE, $100
283   01B7 19                   ADD HL,DE
284   01B8 77                   LD(HL),A
285   01B9 3E E0                LD A,%11100000
286   01BB 11 00 01             LD DE, $100
287   01BE 19                   ADD HL,DE
288   01BF 77                   LD(HL),A
289   01C0 11 00 01             LD DE, $100
290   01C3 19                   ADD HL,DE
291   01C4 77                   LD(HL),A
292   01C5 3E F0                LD A,%11110000
293   01C7 11 00 01             LD DE, $100
294   01CA 19                   ADD HL,DE
295   01CB 77                   LD(HL),A
296   01CC 11 00 01             LD DE, $100
297   01CF 19                   ADD HL,DE
298   01D0 77                   LD(HL),A
299   01D1 11 00 01             LD DE, $100
300   01D4 19                   ADD HL,DE
301   01D5 77                   LD(HL),A
302   01D6
303   01D6                      ;abajo derecha en tercio
304   01D6
305   01D6 01 20 07             ld bc,$720
306   01D9 DD 09                ADD IX, BC
307   01DB DD E5 E1             LD HL,IX
308   01DE 3E F0                LD A,%11110000
309   01E0 77                   LD(HL),A
310   01E1 11 00 01             LD DE, $100
311   01E4 19                   ADD HL,DE
312   01E5 77                   LD(HL),A
313   01E6 11 00 01             LD DE, $100
314   01E9 19                   ADD HL,DE
315   01EA 77                   LD(HL),A
316   01EB 3E E0                LD A,%11100000
317   01ED 11 00 01             LD DE, $100
318   01F0 19                   ADD HL,DE
319   01F1 77                   LD(HL),A
320   01F2 11 00 01             LD DE, $100
321   01F5 19                   ADD HL,DE
322   01F6 77                   LD(HL),A
323   01F7 3E C0                LD A,%11000000
324   01F9 11 00 01             LD DE, $100
325   01FC 19                   ADD HL,DE
326   01FD 77                   LD(HL),A
327   01FE 3E 80                LD A,%10000000
328   0200 11 00 01             LD DE, $100
329   0203 19                   ADD HL,DE
330   0204 77                   LD(HL),A
331   0205 3E 00                LD A,%00000000
332   0207 11 00 01             LD DE, $100
333   020A 19                   ADD HL,DE
334   020B 77                   LD(HL),A
335   020C
336   020C                      ;abajo centro
337   020C
338   020C DD 2B                DEC IX
339   020E DD E5 E1             LD HL,IX
340   0211 3E FF                LD A,%11111111
341   0213 77                   LD(HL),A
342   0214 11 00 01             LD DE, $100
343   0217 19                   ADD HL,DE
344   0218 77                   LD(HL),A
345   0219 11 00 01             LD DE, $100
346   021C 19                   ADD HL,DE
347   021D 77                   LD(HL),A
348   021E 11 00 01             LD DE, $100
349   0221 19                   ADD HL,DE
350   0222 77                   LD(HL),A
351   0223 11 00 01             LD DE, $100
352   0226 19                   ADD HL,DE
353   0227 77                   LD(HL),A
354   0228 11 00 01             LD DE, $100
355   022B 19                   ADD HL,DE
356   022C 77                   LD(HL),A
357   022D 11 00 01             LD DE, $100
358   0230 19                   ADD HL,DE
359   0231 77                   LD(HL),A
360   0232 11 00 01             LD DE, $100
361   0235 19                   ADD HL,DE
362   0236 3E 7E                LD A,%01111110
363   0238 77                   LD(HL),A
364   0239
365   0239                      ;abajo izquierda
366   0239 DD 2B                DEC IX
367   023B DD E5 E1             LD HL,IX
368   023E 3E 0F                LD A,%00001111
369   0240 77                   LD(HL),A
370   0241 11 00 01             LD DE, $100
371   0244 19                   ADD HL,DE
372   0245 77                   LD(HL),A
373   0246 11 00 01             LD DE, $100
374   0249 19                   ADD HL,DE
375   024A 77                   LD(HL),A
376   024B 3E 07                LD A,%00000111
377   024D 11 00 01             LD DE, $100
378   0250 19                   ADD HL,DE
379   0251 77                   LD(HL),A
380   0252 11 00 01             LD DE, $100
381   0255 19                   ADD HL,DE
382   0256 77                   LD(HL),A
383   0257 3E 03                LD A,%00000011
384   0259 11 00 01             LD DE, $100
385   025C 19                   ADD HL,DE
386   025D 77                   LD(HL),A
387   025E 3E 01                LD A,%00000001
388   0260 11 00 01             LD DE, $100
389   0263 19                   ADD HL,DE
390   0264 77                   LD(HL),A
391   0265 3E 00                LD A,%00000000
392   0267 11 00 01             LD DE, $100
393   026A 19                   ADD HL,DE
394   026B 77                   LD(HL),A
395   026C              Fin_Ficha:
396   026C F1                   POP AF
397   026D DD E1                pop ix
398   026F C1                   pop bc
399   0270 D1                   pop de
400   0271 E1                   pop hl
401   0272 C9                   RET
402   0273
403   0273              PintaCuadrao:;coge hl externo
404   0273
C:\assembly\Rutina bienvenida 4 en raya\Rutina bienvenida 4 en raya\pintaficha1.asm(405): error: Label not found: Color_Usuario
C:\assembly\Rutina bienvenida 4 en raya\Rutina bienvenida 4 en raya\pintaficha1.asm(405): warning[rdlow]: Reading memory at low address: 0
405   0273 3A 00 00             LD A, (Color_Usuario)
406   0276 18 02                JR SEGUIR
407   0278              BORRAR_FICHA:
408   0278 3E 00                LD A,0
409   027A              SEGUIR:
410   027A C5                   PUSH BC
411   027B E5                   PUSH HL
412   027C F5                   PUSH AF
413   027D
414   027D
415   027D 77                   LD (HL), A
416   027E 23                   INC HL
417   027F 77                   LD (HL), A
418   0280 23                   INC HL
419   0281 77                   LD (HL), A
420   0282 11 20 00             LD DE,32
421   0285 19                   ADD HL,DE
422   0286 77                   LD (HL), A
423   0287 2B                   DEC HL
424   0288 77                   LD (HL),A
425   0289 2B                   DEC HL
426   028A 77                   LD (HL), A
427   028B
428   028B F1                   POP AF
429   028C E1                   POP HL
430   028D C1                   POP BC
431   028E C9                   RET
432   028F
433   028F              Animacion_Caeficha:
434   028F
435   028F 7D                   ld a, l                ; A = nº columna (0..6)
C:\assembly\Rutina bienvenida 4 en raya\Rutina bienvenida 4 en raya\pintaficha1.asm(436): error: Label not found: Posiciones1
436   0290 DD 21 00 00          ld ix, Posiciones1     ; IX = inicio del tablero
437   0294 3C                   inc a                  ; saltar borde izquierdo → +1
438   0295 5F                   ld e, a
439   0296 16 00                ld d, 0
440   0298 DD 19                add ix, de             ; IX = Posiciones1 +1 + columna
441   029A
442   029A 11 2D 00             ld de, 9*5             ; 45 bytes
443   029D DD 19                add ix, de             ; IX apunta al fondo de la columna
444   029F
445   029F 06 06                ld b, 6                ; 6 filas (5..0)
446   02A1 11 F7 FF             ld de, -9              ; salto hacia arriba una fila
447   02A4
448   02A4              BuscarHueco:
449   02A4 DD 7E 00             ld a, (ix)
450   02A7 FE 00                cp 0
451   02A9 28 06                jr z, HuecoEncontrado
452   02AB
453   02AB DD 19                add ix, de             ; subir 1 fila
454   02AD 10 F5                djnz BuscarHueco
455   02AF
456   02AF 18 19                jr ColumnaLlena
457   02B1
458   02B1              HuecoEncontrado:
459   02B1
460   02B1                      ; Guardamos color
C:\assembly\Rutina bienvenida 4 en raya\Rutina bienvenida 4 en raya\pintaficha1.asm(461): error: Label not found: Color_Usuario
C:\assembly\Rutina bienvenida 4 en raya\Rutina bienvenida 4 en raya\pintaficha1.asm(461): warning[rdlow]: Reading memory at low address: 0
461   02B1 3A 00 00             ld a, (Color_Usuario)
462   02B4 DD 77 00             ld (ix), a
463   02B7
464   02B7                      ; B vale cuántas filas hemos probado → altura a caer.
465   02B7 48                   ld c, b                ; C = número de pasos de animación
466   02B8 26 00                ld h, 0                ; empezar caída desde encima del tablero
467   02BA
468   02BA              bucle_Cae:
469   02BA 24                   inc H
470   02BB CD CB 02             call PintaCuadrao1
471   02BE CD 06 03             call ESPERAR
472   02C1 0D                   dec c
473   02C2 28 05                jr z, TerminaAnimacion
474   02C4 CD DB 02             call BORRAR_FICHA1
475   02C7 18 F1                jr bucle_Cae
476   02C9              TerminaAnimacion:
477   02C9 C9                   ret
478   02CA              ColumnaLlena:
479   02CA C9                   ret
480   02CB              PintaCuadrao1:;coge hl externo, DE 0-6 EN H (FILA) Y L (COLUMNA) CALCULA COORD Y PINTA
481   02CB
482   02CB 7C                   LD A, H
483   02CC B7                   OR A
484   02CD 28 07                JR Z, COLOR_SUPERIOR
C:\assembly\Rutina bienvenida 4 en raya\Rutina bienvenida 4 en raya\pintaficha1.asm(485): error: Label not found: Color_Usuario
C:\assembly\Rutina bienvenida 4 en raya\Rutina bienvenida 4 en raya\pintaficha1.asm(485): warning[rdlow]: Reading memory at low address: 0
485   02CF 3A 00 00             LD A, (Color_Usuario)
C:\assembly\Rutina bienvenida 4 en raya\Rutina bienvenida 4 en raya\pintaficha1.asm(486): error: Label not found: PAPEL_Azul
486   02D2 F6 00                OR PAPEL_Azul
487   02D4 18 0E                JR SEGUIR1
488   02D6              COLOR_SUPERIOR:
C:\assembly\Rutina bienvenida 4 en raya\Rutina bienvenida 4 en raya\pintaficha1.asm(489): error: Label not found: Color_Usuario
C:\assembly\Rutina bienvenida 4 en raya\Rutina bienvenida 4 en raya\pintaficha1.asm(489): warning[rdlow]: Reading memory at low address: 0
489   02D6 3A 00 00             LD A, (Color_Usuario)
490   02D9 18 09                JR SEGUIR1
491   02DB              BORRAR_FICHA1:
492   02DB 7C                   LD A, H
493   02DC B7                   OR A
494   02DD 28 04                JR Z, BORRAR_SUPERIOR
C:\assembly\Rutina bienvenida 4 en raya\Rutina bienvenida 4 en raya\pintaficha1.asm(495): error: Label not found: PAPEL_Azul
495   02DF 3E 00                LD A, PAPEL_Azul + TINTA_Blck
496   02E1 18 01                JR SEGUIR1
497   02E3              BORRAR_SUPERIOR:
498   02E3 AF                   XOR A
499   02E4              SEGUIR1:
500   02E4 E5                   PUSH HL
501   02E5 F5                   PUSH AF
502   02E6 F5                   PUSH AF
503   02E7 7C                   LD A, H  ; H= H*3 +1 "abajo"
504   02E8 84                   ADD A, H
504   02E9 84            ADD A, H
505   02EA 3C                   INC A
506   02EB 67                   LD H,A
507   02EC 7D                   LD A,L ; L = L*4 +1 "derecha"
508   02ED 85                   ADD A,L
509   02EE 87                   ADD A,A
510   02EF 3C                   INC A
511   02F0 6F                   LD L,A
C:\assembly\Rutina bienvenida 4 en raya\Rutina bienvenida 4 en raya\pintaficha1.asm(512): error: Label not found: SlotPointer
512   02F1 CD 00 00             CALL SlotPointer ;HL>$5800
513   02F4 F1                   POP AF
514   02F5 77                   LD (HL), A
515   02F6 23                   INC HL
516   02F7 77                   LD (HL), A
517   02F8 23                   INC HL
518   02F9 77                   LD (HL), A
519   02FA 11 20 00             LD DE,32
520   02FD 19                   ADD HL,DE
521   02FE 77                   LD (HL), A
522   02FF 2B                   DEC HL
523   0300 77                   LD (HL),A
524   0301 2B                   DEC HL
525   0302 77                   LD (HL), A
526   0303
527   0303 F1                   POP AF
528   0304 E1                   POP HL
529   0305 C9                   RET
530   0306              ESPERAR:
531   0306 C5                   push bc
532   0307 06 32                LD B,50
533   0309 0E FF        D1:     LD C, 255
534   030B 0D           D2:     DEC C
535   030C 20 FD                JR NZ,D2
536   030E 10 F9                DJNZ D1
537   0310 C1                   pop bc
538   0311 C9                   RET
539   0312
540   0312
# file closed: C:\assembly\Rutina bienvenida 4 en raya\Rutina bienvenida 4 en raya\pintaficha1.asm
