# file opened: C:\assembly\Rutina bienvenida 4 en raya\Rutina bienvenida 4 en raya\teclas.asm
 1    0000              TECLAS: ; CAMBIA A
 2    0000 C5               PUSH BC
 3    0001
 4    0001              L15:
 5    0001 01 FE FB         LD BC,$FBFE
 6    0004 ED 78            IN A,(C)
 7    0006 CB 47            BIT 0,A
 8    0008 20 0B            JR NZ,L16
C:\assembly\Rutina bienvenida 4 en raya\Rutina bienvenida 4 en raya\teclas.asm(9): error: Label not found: SOLTAR_TECLA
 9    000A CD 00 00         CALL SOLTAR_TECLA
10    000D 3E 51            LD A,'Q'
C:\assembly\Rutina bienvenida 4 en raya\Rutina bienvenida 4 en raya\teclas.asm(11): error: Label not found: Caracter
11    000F 32 00 00         LD (Caracter),A
12    0012 C1               POP BC
13    0013 18 53            jr MOVER_IZQUIERDA
14    0015              L16:
15    0015 CB 4F            BIT 1,A
16    0017 20 0B            JR NZ,L17
C:\assembly\Rutina bienvenida 4 en raya\Rutina bienvenida 4 en raya\teclas.asm(17): error: Label not found: SOLTAR_TECLA
17    0019 CD 00 00         CALL SOLTAR_TECLA
18    001C 3E 57            LD A,'W'
C:\assembly\Rutina bienvenida 4 en raya\Rutina bienvenida 4 en raya\teclas.asm(19): error: Label not found: Caracter
19    001E 32 00 00         LD (Caracter),A
20    0021 C1               POP BC
21    0022 18 27            jr MOVER_DERECHA
22    0024
23    0024
24    0024              L17:
25    0024 01 FE FD         LD BC,$FDFE
26    0027 ED 78            IN A,(C)
27    0029 CB 5F            BIT 3,A
28    002B 20 0A            JR NZ,L5
C:\assembly\Rutina bienvenida 4 en raya\Rutina bienvenida 4 en raya\teclas.asm(29): error: Label not found: SOLTAR_TECLA
29    002D CD 00 00         CALL SOLTAR_TECLA
30    0030 3E 46            LD A,'F'
C:\assembly\Rutina bienvenida 4 en raya\Rutina bienvenida 4 en raya\teclas.asm(31): error: Label not found: Caracter
31    0032 32 00 00         LD (Caracter),A
32    0035 C1               POP BC
33    0036 C9               RET
34    0037              L5:                     ; Este cambia porque es RETURN y se carga como carácter $FF
35    0037 01 FE BF         LD BC,$BFFE
36    003A ED 78            IN A,(C)
37    003C CB 47            BIT 0,A
38    003E 20 C1            JR NZ,L15
C:\assembly\Rutina bienvenida 4 en raya\Rutina bienvenida 4 en raya\teclas.asm(39): error: Label not found: SOLTAR_TECLA
39    0040 CD 00 00         CALL SOLTAR_TECLA
40    0043 3E FF            LD A,$FF
C:\assembly\Rutina bienvenida 4 en raya\Rutina bienvenida 4 en raya\teclas.asm(41): error: Label not found: Caracter
41    0045 32 00 00         LD (Caracter),A
42    0048 C1               POP BC
43    0049 18 3A            jr CAMBIAR_USUARIO
44    004B
45    004B
46    004B              MOVER_DERECHA:
C:\assembly\Rutina bienvenida 4 en raya\Rutina bienvenida 4 en raya\teclas.asm(47): error: Label not found: BORRAR_FICHA
47    004B CD 00 00         CALL BORRAR_FICHA
48    004E 11 04 00         LD DE, 4
49    0051 19               ADD HL, DE
50    0052 DD 19            ADD IX, DE
51    0054 7D               LD A,L
C:\assembly\Rutina bienvenida 4 en raya\Rutina bienvenida 4 en raya\teclas.asm(52): error: Label not found: POS_MAX
52    0055 FE 00            CP POS_MAX
53    0057 30 04            jr nc, SALTO_FINAL
C:\assembly\Rutina bienvenida 4 en raya\Rutina bienvenida 4 en raya\teclas.asm(54): error: Label not found: FICHA
54    0059 CD 00 00         CALL FICHA
55    005C C9               RET
56    005D              SALTO_FINAL:
57    005D 21 21 58         LD HL, $5800 +32 +1
58    0060 DD 21 21 40      LD IX, $4021
C:\assembly\Rutina bienvenida 4 en raya\Rutina bienvenida 4 en raya\teclas.asm(59): error: Label not found: FICHA
59    0064 CD 00 00         CALL FICHA
60    0067 C9               RET
61    0068
62    0068
63    0068              MOVER_IZQUIERDA:
C:\assembly\Rutina bienvenida 4 en raya\Rutina bienvenida 4 en raya\teclas.asm(64): error: Label not found: BORRAR_FICHA
64    0068 CD 00 00         CALL BORRAR_FICHA
65    006B 11 FC FF         LD DE, -4
66    006E 19               ADD HL, DE
67    006F DD 19            ADD IX, DE
68    0071 7D               LD A,L
C:\assembly\Rutina bienvenida 4 en raya\Rutina bienvenida 4 en raya\teclas.asm(69): error: Label not found: POS_MIN
69    0072 FE 00            CP POS_MIN
70    0074 38 04            jr c, SALTO_INICIO
C:\assembly\Rutina bienvenida 4 en raya\Rutina bienvenida 4 en raya\teclas.asm(71): error: Label not found: FICHA
71    0076 CD 00 00         CALL FICHA
72    0079 C9               RET
73    007A              SALTO_INICIO:
74    007A 21 39 58         LD HL, $5800 +32 +1 +24
75    007D DD 21 39 40      LD IX, $4021 +24
C:\assembly\Rutina bienvenida 4 en raya\Rutina bienvenida 4 en raya\teclas.asm(76): error: Label not found: FICHA
76    0081 CD 00 00         CALL FICHA
77    0084 C9               RET
78    0085
79    0085
80    0085              CAMBIAR_USUARIO:
C:\assembly\Rutina bienvenida 4 en raya\Rutina bienvenida 4 en raya\teclas.asm(81): error: Label not found: Color_Usuario
C:\assembly\Rutina bienvenida 4 en raya\Rutina bienvenida 4 en raya\teclas.asm(81): warning[rdlow]: Reading memory at low address: 0
81    0085 3A 00 00         LD A, (Color_Usuario)   ; carga el color actual
C:\assembly\Rutina bienvenida 4 en raya\Rutina bienvenida 4 en raya\teclas.asm(82): error: Label not found: TINTA_Yel
82    0088 FE 00            CP TINTA_Yel            ; comparo
83    008A 28 09            JR Z, ES_ROJO          ; si no es amarillo, es rojo
C:\assembly\Rutina bienvenida 4 en raya\Rutina bienvenida 4 en raya\teclas.asm(84): error: Label not found: TINTA_Red
84    008C 3E 00            LD A, TINTA_Red         ; cambiar a rojo
C:\assembly\Rutina bienvenida 4 en raya\Rutina bienvenida 4 en raya\teclas.asm(85): error: Label not found: Color_Usuario
85    008E 32 00 00         LD (Color_Usuario), A
C:\assembly\Rutina bienvenida 4 en raya\Rutina bienvenida 4 en raya\teclas.asm(86): error: Label not found: FICHA
86    0091 CD 00 00         CALL FICHA
87    0094 C9               RET
88    0095
89    0095              ES_ROJO:
C:\assembly\Rutina bienvenida 4 en raya\Rutina bienvenida 4 en raya\teclas.asm(90): error: Label not found: TINTA_Yel
90    0095 3E 00            LD A, TINTA_Yel         ; cambiar a amarillo
C:\assembly\Rutina bienvenida 4 en raya\Rutina bienvenida 4 en raya\teclas.asm(91): error: Label not found: Color_Usuario
91    0097 32 00 00         LD (Color_Usuario), A
C:\assembly\Rutina bienvenida 4 en raya\Rutina bienvenida 4 en raya\teclas.asm(92): error: Label not found: FICHA
92    009A CD 00 00         CALL FICHA
93    009D C9               RET
94    009E
# file closed: C:\assembly\Rutina bienvenida 4 en raya\Rutina bienvenida 4 en raya\teclas.asm
